-------------------------------------------------------------------------------
Test set: com.example.jenkincicd.CalculatorTest
-------------------------------------------------------------------------------
Tests run: 1, Failures: 1, Errors: 0, Skipped: 0, Time elapsed: 0.001 s <<< FAILURE! - in com.example.jenkincicd.CalculatorTest
testSum  Time elapsed: 0.001 s  <<< FAILURE!
org.opentest4j.AssertionFailedError: expected: <7> but was: <5>
	at com.example.jenkincicd.CalculatorTest.testSum(CalculatorTest.java:11)

